2021-11-16T16:15:57.1981130+00:00  [INF] Application started. Press Ctrl+C to shut down. Properties: {SourceContext: "Microsoft.Hosting.Lifetime"} (dcaefe54)
2021-11-16T16:15:57.2308641+00:00  [INF] Hosting environment: "Development" Properties: {SourceContext: "Microsoft.Hosting.Lifetime"} (c3307c92)
2021-11-16T16:15:57.2334555+00:00  [INF] Content root path: "C:\_data\data\SVN\Projects\Interview\Amlin\Core\DJAmlin\DJAmlin" Properties: {SourceContext: "Microsoft.Hosting.Lifetime"} (b5d60022)
2021-11-16T16:17:21.9310787+00:00  [INF] Application started. Press Ctrl+C to shut down. Properties: {SourceContext: "Microsoft.Hosting.Lifetime"} (dcaefe54)
2021-11-16T16:17:21.9465914+00:00  [INF] Hosting environment: "Development" Properties: {SourceContext: "Microsoft.Hosting.Lifetime"} (c3307c92)
2021-11-16T16:17:21.9804413+00:00  [INF] Content root path: "C:\_data\data\SVN\Projects\Interview\Amlin\Core\DJAmlin\DJAmlin" Properties: {SourceContext: "Microsoft.Hosting.Lifetime"} (b5d60022)
2021-11-16T16:18:37.8889533+00:00  [INF] Application started. Press Ctrl+C to shut down. Properties: {SourceContext: "Microsoft.Hosting.Lifetime"} (dcaefe54)
2021-11-16T16:18:37.9045164+00:00  [INF] Hosting environment: "Development" Properties: {SourceContext: "Microsoft.Hosting.Lifetime"} (c3307c92)
2021-11-16T16:18:37.9069678+00:00  [INF] Content root path: "C:\_data\data\SVN\Projects\Interview\Amlin\Core\DJAmlin\DJAmlin" Properties: {SourceContext: "Microsoft.Hosting.Lifetime"} (b5d60022)
2021-11-16T16:21:16.6582715+00:00  [INF] Application started. Press Ctrl+C to shut down. Properties: {SourceContext: "Microsoft.Hosting.Lifetime"} (dcaefe54)
2021-11-16T16:21:16.6810592+00:00  [INF] Hosting environment: "Development" Properties: {SourceContext: "Microsoft.Hosting.Lifetime"} (c3307c92)
2021-11-16T16:21:16.6841452+00:00  [INF] Content root path: "C:\_data\data\SVN\Projects\Interview\Amlin\Core\DJAmlin\DJAmlin" Properties: {SourceContext: "Microsoft.Hosting.Lifetime"} (b5d60022)
XXX 2021-11-16T16:24:09.5214186+00:00  [INF] Application started. Press Ctrl+C to shut down. Properties: {SourceContext: "Microsoft.Hosting.Lifetime"} (dcaefe54)
XXX 2021-11-16T16:24:09.5362708+00:00  [INF] Hosting environment: "Development" Properties: {SourceContext: "Microsoft.Hosting.Lifetime"} (c3307c92)
XXX 2021-11-16T16:24:09.5391995+00:00  [INF] Content root path: "C:\_data\data\SVN\Projects\Interview\Amlin\Core\DJAmlin\DJAmlin" Properties: {SourceContext: "Microsoft.Hosting.Lifetime"} (b5d60022)
2021-11-16T16:27:47.9228038+00:00  [INF] Application started. Press Ctrl+C to shut down. Properties: {SourceContext: "Microsoft.Hosting.Lifetime"} (dcaefe54)
2021-11-16T16:27:47.9412524+00:00  [INF] Hosting environment: "Development" Properties: {SourceContext: "Microsoft.Hosting.Lifetime"} (c3307c92)
2021-11-16T16:27:47.9436032+00:00  [INF] Content root path: "C:\_data\data\SVN\Projects\Interview\Amlin\Core\DJAmlin\DJAmlin" Properties: {SourceContext: "Microsoft.Hosting.Lifetime"} (b5d60022)
2021-11-16T16:27:48.0891294+00:00 80000005-0006-fd00-b63f-84710c7967bb [WRN] ddd Properties: {SourceContext: "DJAmlin.Controllers.HomeController", ActionId: "b6c752d0-cafa-41e1-91d1-cf0af66cf24e", ActionName: "DJAmlin.Controllers.HomeController.Index (DJAmlin)", RequestPath: "/", SpanId: "|2349aa04-4cd16895c7ade501.", TraceId: "2349aa04-4cd16895c7ade501", ParentId: ""} (0904513f)
2021-11-16T16:28:19.4437270+00:00  [INF] Application started. Press Ctrl+C to shut down. Properties: {SourceContext: "Microsoft.Hosting.Lifetime"} (dcaefe54)
2021-11-16T16:28:19.4582875+00:00  [INF] Hosting environment: "Development" Properties: {SourceContext: "Microsoft.Hosting.Lifetime"} (c3307c92)
2021-11-16T16:28:19.4605585+00:00  [INF] Content root path: "C:\_data\data\SVN\Projects\Interview\Amlin\Core\DJAmlin\DJAmlin" Properties: {SourceContext: "Microsoft.Hosting.Lifetime"} (b5d60022)
2021-11-16T16:28:19.6052180+00:00 80000021-0001-fe00-b63f-84710c7967bb [WRN] ddd Properties: {SourceContext: "DJAmlin.Controllers.HomeController", ActionId: "b74c91be-ca73-4803-8f7b-0ae456333c9b", ActionName: "DJAmlin.Controllers.HomeController.Index (DJAmlin)", RequestPath: "/", SpanId: "|aaf95c52-420469d0afa64d21.", TraceId: "aaf95c52-420469d0afa64d21", ParentId: ""} (0904513f)
2021-11-16T16:29:37.3753180+00:00  [INF] Application started. Press Ctrl+C to shut down. Properties: {SourceContext: "Microsoft.Hosting.Lifetime"} (dcaefe54)
2021-11-16T16:29:37.3900655+00:00  [INF] Hosting environment: "Development" Properties: {SourceContext: "Microsoft.Hosting.Lifetime"} (c3307c92)
2021-11-16T16:29:37.3922347+00:00  [INF] Content root path: "C:\_data\data\SVN\Projects\Interview\Amlin\Core\DJAmlin\DJAmlin" Properties: {SourceContext: "Microsoft.Hosting.Lifetime"} (b5d60022)
2021-11-16T16:29:37.5307889+00:00 80000012-0004-fd00-b63f-84710c7967bb [DBG] DJAmlin.Controllers.HomeController.Index: Home Index called Properties: {SourceContext: "DJAmlin.Controllers.HomeController", ActionId: "97643e8a-b85c-4b53-b13d-b75087f7196c", ActionName: "DJAmlin.Controllers.HomeController.Index (DJAmlin)", RequestPath: "/", SpanId: "|babb3ed1-43473651c7a140d4.", TraceId: "babb3ed1-43473651c7a140d4", ParentId: ""} (d397eee8)
2021-11-16T16:29:37.5362749+00:00 80000012-0004-fd00-b63f-84710c7967bb [DBG] abcd Properties: {SourceContext: "DJAmlin.Controllers.HomeController", ActionId: "97643e8a-b85c-4b53-b13d-b75087f7196c", ActionName: "DJAmlin.Controllers.HomeController.Index (DJAmlin)", RequestPath: "/", SpanId: "|babb3ed1-43473651c7a140d4.", TraceId: "babb3ed1-43473651c7a140d4", ParentId: ""} (cd8b6206)
2021-11-16T16:29:37.5456721+00:00 80000012-0004-fd00-b63f-84710c7967bb [WRN] ddd Properties: {SourceContext: "DJAmlin.Controllers.HomeController", ActionId: "97643e8a-b85c-4b53-b13d-b75087f7196c", ActionName: "DJAmlin.Controllers.HomeController.Index (DJAmlin)", RequestPath: "/", SpanId: "|babb3ed1-43473651c7a140d4.", TraceId: "babb3ed1-43473651c7a140d4", ParentId: ""} (0904513f)
2021-11-16T16:30:02.0026880+00:00 80000013-0004-fd00-b63f-84710c7967bb [DBG] DJAmlin.Controllers.HomeController.Index: Home Index called Properties: {SourceContext: "DJAmlin.Controllers.HomeController", ActionId: "97643e8a-b85c-4b53-b13d-b75087f7196c", ActionName: "DJAmlin.Controllers.HomeController.Index (DJAmlin)", RequestPath: "/", SpanId: "|babb3ed3-43473651c7a140d4.", TraceId: "babb3ed3-43473651c7a140d4", ParentId: ""} (d397eee8)
2021-11-16T16:30:02.0065570+00:00 80000013-0004-fd00-b63f-84710c7967bb [DBG] abcd Properties: {SourceContext: "DJAmlin.Controllers.HomeController", ActionId: "97643e8a-b85c-4b53-b13d-b75087f7196c", ActionName: "DJAmlin.Controllers.HomeController.Index (DJAmlin)", RequestPath: "/", SpanId: "|babb3ed3-43473651c7a140d4.", TraceId: "babb3ed3-43473651c7a140d4", ParentId: ""} (cd8b6206)
2021-11-16T16:30:02.0096696+00:00 80000013-0004-fd00-b63f-84710c7967bb [WRN] ddd Properties: {SourceContext: "DJAmlin.Controllers.HomeController", ActionId: "97643e8a-b85c-4b53-b13d-b75087f7196c", ActionName: "DJAmlin.Controllers.HomeController.Index (DJAmlin)", RequestPath: "/", SpanId: "|babb3ed3-43473651c7a140d4.", TraceId: "babb3ed3-43473651c7a140d4", ParentId: ""} (0904513f)
2021-11-16T16:30:02.8203166+00:00 80000014-0004-fd00-b63f-84710c7967bb [DBG] DJAmlin.Controllers.HomeController.Index: Home Index called Properties: {SourceContext: "DJAmlin.Controllers.HomeController", ActionId: "97643e8a-b85c-4b53-b13d-b75087f7196c", ActionName: "DJAmlin.Controllers.HomeController.Index (DJAmlin)", RequestPath: "/", SpanId: "|babb3ed4-43473651c7a140d4.", TraceId: "babb3ed4-43473651c7a140d4", ParentId: ""} (d397eee8)
2021-11-16T16:30:02.8258848+00:00 80000014-0004-fd00-b63f-84710c7967bb [DBG] abcd Properties: {SourceContext: "DJAmlin.Controllers.HomeController", ActionId: "97643e8a-b85c-4b53-b13d-b75087f7196c", ActionName: "DJAmlin.Controllers.HomeController.Index (DJAmlin)", RequestPath: "/", SpanId: "|babb3ed4-43473651c7a140d4.", TraceId: "babb3ed4-43473651c7a140d4", ParentId: ""} (cd8b6206)
2021-11-16T16:30:02.8297925+00:00 80000014-0004-fd00-b63f-84710c7967bb [WRN] ddd Properties: {SourceContext: "DJAmlin.Controllers.HomeController", ActionId: "97643e8a-b85c-4b53-b13d-b75087f7196c", ActionName: "DJAmlin.Controllers.HomeController.Index (DJAmlin)", RequestPath: "/", SpanId: "|babb3ed4-43473651c7a140d4.", TraceId: "babb3ed4-43473651c7a140d4", ParentId: ""} (0904513f)
2021-11-16T16:36:38.0714676+00:00  [INF] Application started. Press Ctrl+C to shut down. Properties: {SourceContext: "Microsoft.Hosting.Lifetime"} (dcaefe54)
2021-11-16T16:36:38.0862038+00:00  [INF] Hosting environment: "Development" Properties: {SourceContext: "Microsoft.Hosting.Lifetime"} (c3307c92)
2021-11-16T16:36:38.0887598+00:00  [INF] Content root path: "C:\_data\data\SVN\Projects\Interview\Amlin\Core\DJAmlin\DJAmlin" Properties: {SourceContext: "Microsoft.Hosting.Lifetime"} (b5d60022)
2021-11-16T16:36:38.2337985+00:00 8000001f-0005-ff00-b63f-84710c7967bb [DBG] DJAmlin.Controllers.HomeController.Index: Home Index called Properties: {SourceContext: "DJAmlin.Controllers.HomeController", ActionId: "1855d338-e8fa-4874-856e-fa8ec79e76a8", ActionName: "DJAmlin.Controllers.HomeController.Index (DJAmlin)", RequestPath: "/", SpanId: "|5bcc3bbf-46894bb8b33d1e4c.", TraceId: "5bcc3bbf-46894bb8b33d1e4c", ParentId: ""} (d397eee8)
2021-11-16T16:36:56.3540570+00:00 80000021-0005-ff00-b63f-84710c7967bb [DBG] DJAmlin.Controllers.RockAPI.Get: Returning :  Properties: {SourceContext: "DJAmlin.Controllers.RockAPI", ActionId: "b06ab75c-9e25-4eb6-b425-7ddd7b36567b", ActionName: "DJAmlin.Controllers.RockAPI.Get (DJAmlin)", RequestPath: "/Amlin/Get", SpanId: "|5bcc3bc6-46894bb8b33d1e4c.", TraceId: "5bcc3bc6-46894bb8b33d1e4c", ParentId: ""} (4130bd19)
2021-11-16T16:36:58.5042857+00:00 80000022-0005-ff00-b63f-84710c7967bb [DBG] DJAmlin.Controllers.RockAPI.Get: Returning :  Properties: {SourceContext: "DJAmlin.Controllers.RockAPI", ActionId: "b06ab75c-9e25-4eb6-b425-7ddd7b36567b", ActionName: "DJAmlin.Controllers.RockAPI.Get (DJAmlin)", RequestPath: "/Amlin/Get", SpanId: "|5bcc3bc8-46894bb8b33d1e4c.", TraceId: "5bcc3bc8-46894bb8b33d1e4c", ParentId: ""} (4130bd19)
2021-11-16T16:36:59.0501510+00:00 80000023-0005-ff00-b63f-84710c7967bb [DBG] DJAmlin.Controllers.RockAPI.Get: Returning :  Properties: {SourceContext: "DJAmlin.Controllers.RockAPI", ActionId: "b06ab75c-9e25-4eb6-b425-7ddd7b36567b", ActionName: "DJAmlin.Controllers.RockAPI.Get (DJAmlin)", RequestPath: "/Amlin/Get", SpanId: "|5bcc3bc9-46894bb8b33d1e4c.", TraceId: "5bcc3bc9-46894bb8b33d1e4c", ParentId: ""} (4130bd19)
2021-11-16T16:36:59.2342641+00:00 80000024-0005-ff00-b63f-84710c7967bb [DBG] DJAmlin.Controllers.RockAPI.Get: Returning :  Properties: {SourceContext: "DJAmlin.Controllers.RockAPI", ActionId: "b06ab75c-9e25-4eb6-b425-7ddd7b36567b", ActionName: "DJAmlin.Controllers.RockAPI.Get (DJAmlin)", RequestPath: "/Amlin/Get", SpanId: "|5bcc3bca-46894bb8b33d1e4c.", TraceId: "5bcc3bca-46894bb8b33d1e4c", ParentId: ""} (4130bd19)
2021-11-16T16:36:59.4001800+00:00 80000025-0005-ff00-b63f-84710c7967bb [DBG] DJAmlin.Controllers.RockAPI.Get: Returning :  Properties: {SourceContext: "DJAmlin.Controllers.RockAPI", ActionId: "b06ab75c-9e25-4eb6-b425-7ddd7b36567b", ActionName: "DJAmlin.Controllers.RockAPI.Get (DJAmlin)", RequestPath: "/Amlin/Get", SpanId: "|5bcc3bcb-46894bb8b33d1e4c.", TraceId: "5bcc3bcb-46894bb8b33d1e4c", ParentId: ""} (4130bd19)
2021-11-16T16:36:59.7641404+00:00 80000026-0005-ff00-b63f-84710c7967bb [DBG] DJAmlin.Controllers.RockAPI.Get: Returning :  Properties: {SourceContext: "DJAmlin.Controllers.RockAPI", ActionId: "b06ab75c-9e25-4eb6-b425-7ddd7b36567b", ActionName: "DJAmlin.Controllers.RockAPI.Get (DJAmlin)", RequestPath: "/Amlin/Get", SpanId: "|5bcc3bcc-46894bb8b33d1e4c.", TraceId: "5bcc3bcc-46894bb8b33d1e4c", ParentId: ""} (4130bd19)
2021-11-16T16:36:59.9496612+00:00 80000027-0005-ff00-b63f-84710c7967bb [DBG] DJAmlin.Controllers.RockAPI.Get: Returning :  Properties: {SourceContext: "DJAmlin.Controllers.RockAPI", ActionId: "b06ab75c-9e25-4eb6-b425-7ddd7b36567b", ActionName: "DJAmlin.Controllers.RockAPI.Get (DJAmlin)", RequestPath: "/Amlin/Get", SpanId: "|5bcc3bcd-46894bb8b33d1e4c.", TraceId: "5bcc3bcd-46894bb8b33d1e4c", ParentId: ""} (4130bd19)
2021-11-16T16:37:00.2652667+00:00 80000028-0005-ff00-b63f-84710c7967bb [DBG] DJAmlin.Controllers.RockAPI.Get: Returning :  Properties: {SourceContext: "DJAmlin.Controllers.RockAPI", ActionId: "b06ab75c-9e25-4eb6-b425-7ddd7b36567b", ActionName: "DJAmlin.Controllers.RockAPI.Get (DJAmlin)", RequestPath: "/Amlin/Get", SpanId: "|5bcc3bce-46894bb8b33d1e4c.", TraceId: "5bcc3bce-46894bb8b33d1e4c", ParentId: ""} (4130bd19)
2021-11-16T16:37:00.4407571+00:00 80000029-0005-ff00-b63f-84710c7967bb [DBG] DJAmlin.Controllers.RockAPI.Get: Returning :  Properties: {SourceContext: "DJAmlin.Controllers.RockAPI", ActionId: "b06ab75c-9e25-4eb6-b425-7ddd7b36567b", ActionName: "DJAmlin.Controllers.RockAPI.Get (DJAmlin)", RequestPath: "/Amlin/Get", SpanId: "|5bcc3bcf-46894bb8b33d1e4c.", TraceId: "5bcc3bcf-46894bb8b33d1e4c", ParentId: ""} (4130bd19)
2021-11-16T16:37:09.4967137+00:00 8000002a-0005-ff00-b63f-84710c7967bb [DBG] DJAmlin.Controllers.RockAPI.Get: Returning :  Properties: {SourceContext: "DJAmlin.Controllers.RockAPI", ActionId: "b06ab75c-9e25-4eb6-b425-7ddd7b36567b", ActionName: "DJAmlin.Controllers.RockAPI.Get (DJAmlin)", RequestPath: "/Amlin/Get", SpanId: "|5bcc3bd0-46894bb8b33d1e4c.", TraceId: "5bcc3bd0-46894bb8b33d1e4c", ParentId: ""} (4130bd19)
2021-11-16T16:37:10.1966028+00:00 8000002b-0005-ff00-b63f-84710c7967bb [DBG] DJAmlin.Controllers.RockAPI.Get: Returning :  Properties: {SourceContext: "DJAmlin.Controllers.RockAPI", ActionId: "b06ab75c-9e25-4eb6-b425-7ddd7b36567b", ActionName: "DJAmlin.Controllers.RockAPI.Get (DJAmlin)", RequestPath: "/Amlin/Get", SpanId: "|5bcc3bd1-46894bb8b33d1e4c.", TraceId: "5bcc3bd1-46894bb8b33d1e4c", ParentId: ""} (4130bd19)
2021-11-16T16:37:10.9174536+00:00 8000002c-0005-ff00-b63f-84710c7967bb [DBG] DJAmlin.Controllers.RockAPI.Get: Returning :  Properties: {SourceContext: "DJAmlin.Controllers.RockAPI", ActionId: "b06ab75c-9e25-4eb6-b425-7ddd7b36567b", ActionName: "DJAmlin.Controllers.RockAPI.Get (DJAmlin)", RequestPath: "/Amlin/Get", SpanId: "|5bcc3bd2-46894bb8b33d1e4c.", TraceId: "5bcc3bd2-46894bb8b33d1e4c", ParentId: ""} (4130bd19)
2021-11-16T16:37:11.4463268+00:00 8000002d-0005-ff00-b63f-84710c7967bb [DBG] DJAmlin.Controllers.RockAPI.Get: Returning :  Properties: {SourceContext: "DJAmlin.Controllers.RockAPI", ActionId: "b06ab75c-9e25-4eb6-b425-7ddd7b36567b", ActionName: "DJAmlin.Controllers.RockAPI.Get (DJAmlin)", RequestPath: "/Amlin/Get", SpanId: "|5bcc3bd3-46894bb8b33d1e4c.", TraceId: "5bcc3bd3-46894bb8b33d1e4c", ParentId: ""} (4130bd19)
2021-11-16T16:37:11.8217761+00:00 8000002e-0005-ff00-b63f-84710c7967bb [DBG] DJAmlin.Controllers.RockAPI.Get: Returning :  Properties: {SourceContext: "DJAmlin.Controllers.RockAPI", ActionId: "b06ab75c-9e25-4eb6-b425-7ddd7b36567b", ActionName: "DJAmlin.Controllers.RockAPI.Get (DJAmlin)", RequestPath: "/Amlin/Get", SpanId: "|5bcc3bd4-46894bb8b33d1e4c.", TraceId: "5bcc3bd4-46894bb8b33d1e4c", ParentId: ""} (4130bd19)
2021-11-16T16:37:12.1841060+00:00 8000002f-0005-ff00-b63f-84710c7967bb [DBG] DJAmlin.Controllers.RockAPI.Get: Returning :  Properties: {SourceContext: "DJAmlin.Controllers.RockAPI", ActionId: "b06ab75c-9e25-4eb6-b425-7ddd7b36567b", ActionName: "DJAmlin.Controllers.RockAPI.Get (DJAmlin)", RequestPath: "/Amlin/Get", SpanId: "|5bcc3bd5-46894bb8b33d1e4c.", TraceId: "5bcc3bd5-46894bb8b33d1e4c", ParentId: ""} (4130bd19)
2021-11-16T16:37:12.4478212+00:00 80000030-0005-ff00-b63f-84710c7967bb [DBG] DJAmlin.Controllers.RockAPI.Get: Returning :  Properties: {SourceContext: "DJAmlin.Controllers.RockAPI", ActionId: "b06ab75c-9e25-4eb6-b425-7ddd7b36567b", ActionName: "DJAmlin.Controllers.RockAPI.Get (DJAmlin)", RequestPath: "/Amlin/Get", SpanId: "|5bcc3bd6-46894bb8b33d1e4c.", TraceId: "5bcc3bd6-46894bb8b33d1e4c", ParentId: ""} (4130bd19)
2021-11-16T16:37:12.7986771+00:00 80000031-0005-ff00-b63f-84710c7967bb [DBG] DJAmlin.Controllers.RockAPI.Get: Returning :  Properties: {SourceContext: "DJAmlin.Controllers.RockAPI", ActionId: "b06ab75c-9e25-4eb6-b425-7ddd7b36567b", ActionName: "DJAmlin.Controllers.RockAPI.Get (DJAmlin)", RequestPath: "/Amlin/Get", SpanId: "|5bcc3bd7-46894bb8b33d1e4c.", TraceId: "5bcc3bd7-46894bb8b33d1e4c", ParentId: ""} (4130bd19)
2021-11-16T16:37:13.0221053+00:00 80000032-0005-ff00-b63f-84710c7967bb [DBG] DJAmlin.Controllers.RockAPI.Get: Returning :  Properties: {SourceContext: "DJAmlin.Controllers.RockAPI", ActionId: "b06ab75c-9e25-4eb6-b425-7ddd7b36567b", ActionName: "DJAmlin.Controllers.RockAPI.Get (DJAmlin)", RequestPath: "/Amlin/Get", SpanId: "|5bcc3bd8-46894bb8b33d1e4c.", TraceId: "5bcc3bd8-46894bb8b33d1e4c", ParentId: ""} (4130bd19)
2021-11-16T16:37:13.3664873+00:00 80000033-0005-ff00-b63f-84710c7967bb [DBG] DJAmlin.Controllers.RockAPI.Get: Returning :  Properties: {SourceContext: "DJAmlin.Controllers.RockAPI", ActionId: "b06ab75c-9e25-4eb6-b425-7ddd7b36567b", ActionName: "DJAmlin.Controllers.RockAPI.Get (DJAmlin)", RequestPath: "/Amlin/Get", SpanId: "|5bcc3bd9-46894bb8b33d1e4c.", TraceId: "5bcc3bd9-46894bb8b33d1e4c", ParentId: ""} (4130bd19)
2021-11-16T16:37:13.7840045+00:00 80000034-0005-ff00-b63f-84710c7967bb [DBG] DJAmlin.Controllers.RockAPI.Get: Returning :  Properties: {SourceContext: "DJAmlin.Controllers.RockAPI", ActionId: "b06ab75c-9e25-4eb6-b425-7ddd7b36567b", ActionName: "DJAmlin.Controllers.RockAPI.Get (DJAmlin)", RequestPath: "/Amlin/Get", SpanId: "|5bcc3bda-46894bb8b33d1e4c.", TraceId: "5bcc3bda-46894bb8b33d1e4c", ParentId: ""} (4130bd19)
